#
# A fatal error has been detected by the Java Runtime Environment:
#
#  EXCEPTION_ACCESS_VIOLATION (0xc0000005) at pc=0x00000000664d82b5, pid=16752, tid=14096
#
# JRE version: Java(TM) SE Runtime Environment (8.0_45-b15) (build 1.8.0_45-b15)
# Java VM: Java HotSpot(TM) 64-Bit Server VM (25.45-b02 mixed mode windows-amd64 compressed oops)
# Problematic frame:
# V  [jvm.dll+0x1282b5]
#
# Failed to write core dump. Minidumps are not enabled by default on client versions of Windows
#
# If you would like to submit a bug report, please visit:
#   http://bugreport.java.com/bugreport/crash.jsp
#

---------------  T H R E A D  ---------------

Current thread (0x0000000054e72800):  JavaThread "JDWP Transport Listener: dt_socket" daemon [_thread_in_vm, id=14096, stack(0x0000000055d60000,0x0000000055e60000)]

siginfo: ExceptionCode=0xc0000005, reading address 0x00000000000003d8

Registers:
RAX=0x0000000055e5f601, RBX=0x0000000054e72800, RCX=0x00000000000003d8, RDX=0x0000000000000000
RSP=0x0000000055e5f5b0, RBP=0x00000000000003d8, RSI=0x0000000055e5f6c8, RDI=0x00000000003d92d0
R8 =0x0000000054e72800, R9 =0x000000000000ff00, R10=0x676e616c2f617661, R11=0x6cc22c7403bc000b
R12=0x0000000000000000, R13=0x0000000054e735e8, R14=0x0000000000000000, R15=0x0000000000000000
RIP=0x00000000664d82b5, EFLAGS=0x0000000000010206

Top of Stack: (sp=0x0000000055e5f5b0)
0x0000000055e5f5b0:   0000000000000001 00000000567b5240
0x0000000055e5f5c0:   0000000055e5f790 00000000666dc7db
0x0000000055e5f5d0:   0000000054e72800 00000000666f903d
0x0000000055e5f5e0:   0000000000000057 00000000732d9155
0x0000000055e5f5f0:   0000000056774458 00000000732e291e
0x0000000055e5f600:   0000000054e72800 0000000000000000
0x0000000055e5f610:   0000000000000000 0000000000000000
0x0000000055e5f620:   00000000000003d8 00000000732e1a15
0x0000000055e5f630:   0000000055e5f6c8 0000000055e5f6a0
0x0000000055e5f640:   0000000000000001 0000000056774458
0x0000000055e5f650:   00000000000003d8 00000000732c53b3
0x0000000055e5f660:   0000000055e5f790 0000000000000001
0x0000000055e5f670:   0000000000000001 0000000056774458
0x0000000055e5f680:   0000000000000001 0000000000000000
0x0000000055e5f690:   0000000000000000 0000000000000000
0x0000000055e5f6a0:   0000000000000001 00000000732c5571 

Instructions: (pc=0x00000000664d82b5)
0x00000000664d8295:   cc cc cc cc cc cc cc cc cc cc cc 48 83 ec 28 48
0x00000000664d82a5:   85 c9 75 07 33 c0 48 83 c4 28 c3 48 89 5c 24 20
0x00000000664d82b5:   48 8b 19 48 85 db 74 20 48 83 fb 37 74 1a 48 8b
0x00000000664d82c5:   13 48 8b cb ff 52 10 84 c0 74 0d 48 8b c3 48 8b 


Register to memory mapping:

RAX=0x0000000055e5f601 is pointing into the stack for thread: 0x0000000054e72800
RBX=0x0000000054e72800 is a thread
RCX=0x00000000000003d8 is an unknown value
RDX=0x0000000000000000 is an unknown value
RSP=0x0000000055e5f5b0 is pointing into the stack for thread: 0x0000000054e72800
RBP=0x00000000000003d8 is an unknown value
RSI=0x0000000055e5f6c8 is pointing into the stack for thread: 0x0000000054e72800
RDI=0x00000000003d92d0 is an unknown value
R8 =0x0000000054e72800 is a thread
R9 =0x000000000000ff00 is an unknown value
R10=0x676e616c2f617661 is an unknown value
R11=0x6cc22c7403bc000b is an unknown value
R12=0x0000000000000000 is an unknown value
R13=0x0000000054e735e8 is an unknown value
R14=0x0000000000000000 is an unknown value
R15=0x0000000000000000 is an unknown value


Stack: [0x0000000055d60000,0x0000000055e60000],  sp=0x0000000055e5f5b0,  free space=1021k
Native frames: (J=compiled Java code, j=interpreted, Vv=VM code, C=native code)
V  [jvm.dll+0x1282b5]
V  [jvm.dll+0x34903d]
C  [jdwp.dll+0x21a15]
C  [jdwp.dll+0x53b3]
C  [jdwp.dll+0x5571]
C  [jdwp.dll+0xf0a8]
C  [jdwp.dll+0x1f2d5]
C  [jdwp.dll+0x1f4aa]
V  [jvm.dll+0x1bae98]
V  [jvm.dll+0x241984]
V  [jvm.dll+0x29853a]
C  [msvcr100.dll+0x21d9f]
C  [msvcr100.dll+0x21e3b]
C  [kernel32.dll+0x15a4d]
C  [ntdll.dll+0x2b831]


---------------  P R O C E S S  ---------------

Java Threads: ( => current thread )
  0x000000005bdd3000 JavaThread "RMI TCP Connection(idle)" daemon [_thread_blocked, id=9260, stack(0x0000000061ef0000,0x0000000061ff0000)]
  0x000000005bde6000 JavaThread "ActiveMQ BrokerService[localhost] Task-7" daemon [_thread_blocked, id=11992, stack(0x0000000062020000,0x0000000062120000)]
  0x000000005bde3800 JavaThread "ActiveMQ BrokerService[localhost] Task-6" daemon [_thread_blocked, id=15052, stack(0x0000000063400000,0x0000000063500000)]
  0x000000005bde1800 JavaThread "http-nio-8080-exec-10" daemon [_thread_blocked, id=5624, stack(0x00000000629c0000,0x0000000062ac0000)]
  0x0000000059ecd800 JavaThread "http-nio-8080-exec-9" daemon [_thread_blocked, id=16556, stack(0x0000000063100000,0x0000000063200000)]
  0x0000000059ecb800 JavaThread "http-nio-8080-exec-8" daemon [_thread_blocked, id=2812, stack(0x0000000061720000,0x0000000061820000)]
  0x000000005bdd3800 JavaThread "http-nio-8080-exec-7" daemon [_thread_blocked, id=9120, stack(0x0000000062f40000,0x0000000063040000)]
  0x000000005bdd2000 JavaThread "http-nio-8080-exec-6" daemon [_thread_blocked, id=12200, stack(0x0000000062e10000,0x0000000062f10000)]
  0x000000005bdd1800 JavaThread "http-nio-8080-exec-5" daemon [_thread_blocked, id=4852, stack(0x0000000061de0000,0x0000000061ee0000)]
  0x000000005e691800 JavaThread "http-nio-8080-exec-4" daemon [_thread_blocked, id=11668, stack(0x0000000061420000,0x0000000061520000)]
  0x000000005e693800 JavaThread "http-nio-8080-exec-3" daemon [_thread_blocked, id=11496, stack(0x0000000060cd0000,0x0000000060dd0000)]
  0x000000005e692000 JavaThread "http-nio-8080-exec-2" daemon [_thread_blocked, id=13044, stack(0x0000000062130000,0x0000000062230000)]
  0x000000005e690800 JavaThread "http-nio-8080-exec-1" daemon [_thread_blocked, id=16784, stack(0x0000000061ab0000,0x0000000061bb0000)]
  0x000000005bdd8000 JavaThread "DestroyJavaVM" [_thread_blocked, id=8504, stack(0x0000000002810000,0x0000000002910000)]
  0x000000005bdd7800 JavaThread "http-nio-8080-Acceptor-0" daemon [_thread_in_native, id=4932, stack(0x0000000062c90000,0x0000000062d90000)]
  0x000000005bdd6800 JavaThread "http-nio-8080-ClientPoller-1" daemon [_thread_in_native, id=5940, stack(0x0000000062af0000,0x0000000062bf0000)]
  0x000000005bdd6000 JavaThread "http-nio-8080-ClientPoller-0" daemon [_thread_in_native, id=16380, stack(0x00000000626c0000,0x00000000627c0000)]
  0x000000005bdd5000 JavaThread "NioBlockingSelector.BlockPoller-1" daemon [_thread_in_native, id=9660, stack(0x0000000062570000,0x0000000062670000)]
  0x000000005bdd4800 JavaThread "pool-3-thread-1" [_thread_blocked, id=9648, stack(0x0000000062300000,0x0000000062400000)]
  0x0000000059ec8800 JavaThread "ActiveMQ Broker[localhost] Scheduler" daemon [_thread_blocked, id=15744, stack(0x000000005beb0000,0x000000005bfb0000)]
  0x0000000059ecd000 JavaThread "RMI RenewClean-[192.168.56.1:20173]" daemon [_thread_blocked, id=14888, stack(0x0000000061520000,0x0000000061620000)]
  0x0000000059ecc000 JavaThread "RMI Scheduler(0)" daemon [_thread_blocked, id=16080, stack(0x0000000060e00000,0x0000000060f00000)]
  0x0000000059eca800 JavaThread "GC Daemon" daemon [_thread_blocked, id=14512, stack(0x0000000060b60000,0x0000000060c60000)]
  0x0000000059eca000 JavaThread "RMI Reaper" [_thread_blocked, id=9484, stack(0x000000005a9d0000,0x000000005aad0000)]
  0x0000000059ec9000 JavaThread "RMI TCP Accept-0" daemon [_thread_in_native, id=14172, stack(0x000000005f520000,0x000000005f620000)]
  0x0000000059ec7800 JavaThread "RMI TCP Accept-1099" daemon [_thread_in_native, id=4640, stack(0x0000000058bc0000,0x0000000058cc0000)]
  0x000000005ca71000 JavaThread "oracle.jdbc.driver.BlockSource.ThreadedCachingBlockSource.BlockReleaser" daemon [_thread_blocked, id=7596, stack(0x000000005c000000,0x000000005c100000)]
  0x000000005af11800 JavaThread "Tomcat JDBC Pool Cleaner[349885916:1449410950371]" daemon [_thread_blocked, id=11860, stack(0x000000005ad00000,0x000000005ae00000)]
  0x0000000056c66000 JavaThread "container-0" [_thread_blocked, id=14716, stack(0x000000005ab00000,0x000000005ac00000)]
  0x000000005825a800 JavaThread "ContainerBackgroundProcessor[StandardEngine[Tomcat].StandardHost[localhost].StandardContext[/Vamos]]" daemon [_thread_blocked, id=13612, stack(0x00000000571c0000,0x00000000572c0000)]
  0x000000005686d000 JavaThread "Service Thread" daemon [_thread_blocked, id=12780, stack(0x0000000056f50000,0x0000000057050000)]
  0x00000000567df000 JavaThread "C1 CompilerThread1" daemon [_thread_blocked, id=10192, stack(0x0000000057300000,0x0000000057400000)]
  0x00000000567de000 JavaThread "C2 CompilerThread0" daemon [_thread_blocked, id=13468, stack(0x0000000057090000,0x0000000057190000)]
  0x0000000054e7a800 JavaThread "JDWP Command Reader" daemon [_thread_in_native, id=14600, stack(0x0000000055f80000,0x0000000056080000)]
  0x0000000054e75000 JavaThread "JDWP Event Helper Thread" daemon [_thread_blocked, id=16756, stack(0x0000000056220000,0x0000000056320000)]
=>0x0000000054e72800 JavaThread "JDWP Transport Listener: dt_socket" daemon [_thread_in_vm, id=14096, stack(0x0000000055d60000,0x0000000055e60000)]
  0x0000000054e60800 JavaThread "Attach Listener" daemon [_thread_blocked, id=13988, stack(0x0000000055e60000,0x0000000055f60000)]
  0x0000000054e56000 JavaThread "Signal Dispatcher" daemon [_thread_blocked, id=16868, stack(0x0000000055c10000,0x0000000055d10000)]
  0x0000000054de0000 JavaThread "Finalizer" daemon [_thread_blocked, id=13316, stack(0x0000000055a60000,0x0000000055b60000)]
  0x0000000054ddc800 JavaThread "Reference Handler" daemon [_thread_blocked, id=15456, stack(0x0000000055910000,0x0000000055a10000)]

Other Threads:
  0x0000000054dd6800 VMThread [stack: 0x00000000557c0000,0x00000000558c0000] [id=15156]
  0x000000005689b000 WatcherThread [stack: 0x00000000574d0000,0x00000000575d0000] [id=16024]

VM state:not at safepoint (normal execution)

VM Mutex/Monitor currently owned by a thread: None

Heap:
 PSYoungGen      total 153600K, used 47558K [0x00000000eb700000, 0x00000000f7c00000, 0x0000000100000000)
  eden space 152064K, 31% used [0x00000000eb700000,0x00000000ee571ae8,0x00000000f4b80000)
  from space 1536K, 0% used [0x00000000f7a80000,0x00000000f7a80000,0x00000000f7c00000)
  to   space 3584K, 0% used [0x00000000f7500000,0x00000000f7500000,0x00000000f7880000)
 ParOldGen       total 80384K, used 28483K [0x00000000c2400000, 0x00000000c7280000, 0x00000000eb700000)
  object space 80384K, 35% used [0x00000000c2400000,0x00000000c3fd0c50,0x00000000c7280000)
 Metaspace       used 65120K, capacity 65552K, committed 66560K, reserved 1107968K
  class space    used 7923K, capacity 8056K, committed 8192K, reserved 1048576K

Card table byte_map: [0x0000000011cd0000,0x0000000011ec0000] byte_map_base: 0x00000000116be000

Marking Bits: (ParMarkBitMap*) 0x0000000066bb4040
 Begin Bits: [0x00000000123d0000, 0x0000000013340000)
 End Bits:   [0x0000000013340000, 0x00000000142b0000)

Polling page: 0x00000000001c0000

CodeCache: size=245760Kb used=27205Kb max_used=27238Kb free=218554Kb
 bounds [0x0000000002910000, 0x00000000043e0000, 0x0000000011910000]
 total_blobs=8254 nmethods=7694 adapters=479
 compilation: enabled

Compilation events (10 events):
Event: 61777.798 Thread 0x00000000567df000 9485       3       org.apache.tomcat.util.buf.ByteChunk::getCharset (19 bytes)
Event: 61777.798 Thread 0x00000000567df000 nmethod 9485 0x0000000004339190 code [0x00000000043392e0, 0x0000000004339490]
Event: 61777.798 Thread 0x00000000567df000 9486       3       java.nio.ByteBuffer::allocate (22 bytes)
Event: 61777.798 Thread 0x00000000567df000 nmethod 9486 0x0000000004338a90 code [0x0000000004338c20, 0x0000000004338fd8]
Event: 61777.798 Thread 0x00000000567df000 9487       3       java.nio.HeapByteBuffer::<init> (13 bytes)
Event: 61777.798 Thread 0x00000000567df000 nmethod 9487 0x0000000004337a90 code [0x0000000004337c00, 0x0000000004337e48]
Event: 61808.384 Thread 0x00000000567de000 9488   !   4       java.util.concurrent.ThreadPoolExecutor::getTask (179 bytes)
Event: 61808.440 Thread 0x00000000567de000 nmethod 9488 0x0000000004332d50 code [0x0000000004332f40, 0x00000000043339c0]
Event: 61869.801 Thread 0x00000000567df000 9489       3       java.lang.NoSuchFieldException::<init> (6 bytes)
Event: 61869.802 Thread 0x00000000567df000 nmethod 9489 0x0000000004337590 code [0x0000000004337700, 0x0000000004337948]

GC Heap History (10 events):
Event: 57662.224 GC heap before
{Heap before GC invocations=70 (full 18):
 PSYoungGen      total 159744K, used 118197K [0x00000000eb700000, 0x00000000f8100000, 0x0000000100000000)
  eden space 158208K, 73% used [0x00000000eb700000,0x00000000f28fd7a0,0x00000000f5180000)
  from space 1536K, 95% used [0x00000000f7a00000,0x00000000f7b70000,0x00000000f7b80000)
  to   space 3584K, 0% used [0x00000000f7d80000,0x00000000f7d80000,0x00000000f8100000)
 ParOldGen       total 80384K, used 28489K [0x00000000c2400000, 0x00000000c7280000, 0x00000000eb700000)
  object space 80384K, 35% used [0x00000000c2400000,0x00000000c3fd24c8,0x00000000c7280000)
 Metaspace       used 64222K, capacity 64682K, committed 65536K, reserved 1105920K
  class space    used 7880K, capacity 8023K, committed 8192K, reserved 1048576K
Event: 57662.285 GC heap after
Heap after GC invocations=70 (full 18):
 PSYoungGen      total 159744K, used 1120K [0x00000000eb700000, 0x00000000f7f00000, 0x0000000100000000)
  eden space 158208K, 0% used [0x00000000eb700000,0x00000000eb700000,0x00000000f5180000)
  from space 1536K, 72% used [0x00000000f7d80000,0x00000000f7e98000,0x00000000f7f00000)
  to   space 3584K, 0% used [0x00000000f7800000,0x00000000f7800000,0x00000000f7b80000)
 ParOldGen       total 80384K, used 28497K [0x00000000c2400000, 0x00000000c7280000, 0x00000000eb700000)
  object space 80384K, 35% used [0x00000000c2400000,0x00000000c3fd44c8,0x00000000c7280000)
 Metaspace       used 64222K, capacity 64682K, committed 65536K, reserved 1105920K
  class space    used 7880K, capacity 8023K, committed 8192K, reserved 1048576K
}
Event: 57662.285 GC heap before
{Heap before GC invocations=71 (full 19):
 PSYoungGen      total 159744K, used 1120K [0x00000000eb700000, 0x00000000f7f00000, 0x0000000100000000)
  eden space 158208K, 0% used [0x00000000eb700000,0x00000000eb700000,0x00000000f5180000)
  from space 1536K, 72% used [0x00000000f7d80000,0x00000000f7e98000,0x00000000f7f00000)
  to   space 3584K, 0% used [0x00000000f7800000,0x00000000f7800000,0x00000000f7b80000)
 ParOldGen       total 80384K, used 28497K [0x00000000c2400000, 0x00000000c7280000, 0x00000000eb700000)
  object space 80384K, 35% used [0x00000000c2400000,0x00000000c3fd44c8,0x00000000c7280000)
 Metaspace       used 64222K, capacity 64682K, committed 65536K, reserved 1105920K
  class space    used 7880K, capacity 8023K, committed 8192K, reserved 1048576K
Event: 57662.543 GC heap after
Heap after GC invocations=71 (full 19):
 PSYoungGen      total 159744K, used 0K [0x00000000eb700000, 0x00000000f7f00000, 0x0000000100000000)
  eden space 158208K, 0% used [0x00000000eb700000,0x00000000eb700000,0x00000000f5180000)
  from space 1536K, 0% used [0x00000000f7d80000,0x00000000f7d80000,0x00000000f7f00000)
  to   space 3584K, 0% used [0x00000000f7800000,0x00000000f7800000,0x00000000f7b80000)
 ParOldGen       total 80384K, used 28502K [0x00000000c2400000, 0x00000000c7280000, 0x00000000eb700000)
  object space 80384K, 35% used [0x00000000c2400000,0x00000000c3fd5828,0x00000000c7280000)
 Metaspace       used 64207K, capacity 64658K, committed 65536K, reserved 1105920K
  class space    used 7878K, capacity 8019K, committed 8192K, reserved 1048576K
}
Event: 59738.125 GC heap before
{Heap before GC invocations=72 (full 19):
 PSYoungGen      total 159744K, used 158208K [0x00000000eb700000, 0x00000000f7f00000, 0x0000000100000000)
  eden space 158208K, 100% used [0x00000000eb700000,0x00000000f5180000,0x00000000f5180000)
  from space 1536K, 0% used [0x00000000f7d80000,0x00000000f7d80000,0x00000000f7f00000)
  to   space 3584K, 0% used [0x00000000f7800000,0x00000000f7800000,0x00000000f7b80000)
 ParOldGen       total 80384K, used 28502K [0x00000000c2400000, 0x00000000c7280000, 0x00000000eb700000)
  object space 80384K, 35% used [0x00000000c2400000,0x00000000c3fd5828,0x00000000c7280000)
 Metaspace       used 64231K, capacity 64682K, committed 65536K, reserved 1105920K
  class space    used 7880K, capacity 8023K, committed 8192K, reserved 1048576K
Event: 59738.347 GC heap after
Heap after GC invocations=72 (full 19):
 PSYoungGen      total 153600K, used 1472K [0x00000000eb700000, 0x00000000f7e00000, 0x0000000100000000)
  eden space 152064K, 0% used [0x00000000eb700000,0x00000000eb700000,0x00000000f4b80000)
  from space 1536K, 95% used [0x00000000f7800000,0x00000000f7970000,0x00000000f7980000)
  to   space 3584K, 0% used [0x00000000f7a80000,0x00000000f7a80000,0x00000000f7e00000)
 ParOldGen       total 80384K, used 28510K [0x00000000c2400000, 0x00000000c7280000, 0x00000000eb700000)
  object space 80384K, 35% used [0x00000000c2400000,0x00000000c3fd7828,0x00000000c7280000)
 Metaspace       used 64231K, capacity 64682K, committed 65536K, reserved 1105920K
  class space    used 7880K, capacity 8023K, committed 8192K, reserved 1048576K
}
Event: 61262.544 GC heap before
{Heap before GC invocations=73 (full 19):
 PSYoungGen      total 153600K, used 101890K [0x00000000eb700000, 0x00000000f7e00000, 0x0000000100000000)
  eden space 152064K, 66% used [0x00000000eb700000,0x00000000f1910850,0x00000000f4b80000)
  from space 1536K, 95% used [0x00000000f7800000,0x00000000f7970000,0x00000000f7980000)
  to   space 3584K, 0% used [0x00000000f7a80000,0x00000000f7a80000,0x00000000f7e00000)
 ParOldGen       total 80384K, used 28510K [0x00000000c2400000, 0x00000000c7280000, 0x00000000eb700000)
  object space 80384K, 35% used [0x00000000c2400000,0x00000000c3fd7828,0x00000000c7280000)
 Metaspace       used 64235K, capacity 64682K, committed 65536K, reserved 1105920K
  class space    used 7880K, capacity 8023K, committed 8192K, reserved 1048576K
Event: 61262.847 GC heap after
Heap after GC invocations=73 (full 19):
 PSYoungGen      total 153600K, used 1088K [0x00000000eb700000, 0x00000000f7c00000, 0x0000000100000000)
  eden space 152064K, 0% used [0x00000000eb700000,0x00000000eb700000,0x00000000f4b80000)
  from space 1536K, 70% used [0x00000000f7a80000,0x00000000f7b90000,0x00000000f7c00000)
  to   space 3584K, 0% used [0x00000000f7500000,0x00000000f7500000,0x00000000f7880000)
 ParOldGen       total 80384K, used 28510K [0x00000000c2400000, 0x00000000c7280000, 0x00000000eb700000)
  object space 80384K, 35% used [0x00000000c2400000,0x00000000c3fd7828,0x00000000c7280000)
 Metaspace       used 64235K, capacity 64682K, committed 65536K, reserved 1105920K
  class space    used 7880K, capacity 8023K, committed 8192K, reserved 1048576K
}
Event: 61262.847 GC heap before
{Heap before GC invocations=74 (full 20):
 PSYoungGen      total 153600K, used 1088K [0x00000000eb700000, 0x00000000f7c00000, 0x0000000100000000)
  eden space 152064K, 0% used [0x00000000eb700000,0x00000000eb700000,0x00000000f4b80000)
  from space 1536K, 70% used [0x00000000f7a80000,0x00000000f7b90000,0x00000000f7c00000)
  to   space 3584K, 0% used [0x00000000f7500000,0x00000000f7500000,0x00000000f7880000)
 ParOldGen       total 80384K, used 28510K [0x00000000c2400000, 0x00000000c7280000, 0x00000000eb700000)
  object space 80384K, 35% used [0x00000000c2400000,0x00000000c3fd7828,0x00000000c7280000)
 Metaspace       used 64235K, capacity 64682K, committed 65536K, reserved 1105920K
  class space    used 7880K, capacity 8023K, committed 8192K, reserved 1048576K
Event: 61263.011 GC heap after
Heap after GC invocations=74 (full 20):
 PSYoungGen      total 153600K, used 0K [0x00000000eb700000, 0x00000000f7c00000, 0x0000000100000000)
  eden space 152064K, 0% used [0x00000000eb700000,0x00000000eb700000,0x00000000f4b80000)
  from space 1536K, 0% used [0x00000000f7a80000,0x00000000f7a80000,0x00000000f7c00000)
  to   space 3584K, 0% used [0x00000000f7500000,0x00000000f7500000,0x00000000f7880000)
 ParOldGen       total 80384K, used 28483K [0x00000000c2400000, 0x00000000c7280000, 0x00000000eb700000)
  object space 80384K, 35% used [0x00000000c2400000,0x00000000c3fd0c50,0x00000000c7280000)
 Metaspace       used 64220K, capacity 64658K, committed 65536K, reserved 1105920K
  class space    used 7878K, capacity 8019K, committed 8192K, reserved 1048576K
}

Deoptimization events (10 events):
Event: 61694.819 Thread 0x000000005bdd3800 Uncommon trap: reason=bimorphic action=maybe_recompile pc=0x00000000040dab6c method=java.util.AbstractCollection.toArray()[Ljava/lang/Object; @ 1
Event: 61694.833 Thread 0x000000005bdd3800 Uncommon trap: reason=bimorphic action=maybe_recompile pc=0x00000000040dab6c method=java.util.AbstractCollection.toArray()[Ljava/lang/Object; @ 1
Event: 61694.896 Thread 0x000000005bdd3800 Uncommon trap: reason=unstable_if action=reinterpret pc=0x00000000040d72f4 method=java.lang.String.split(Ljava/lang/String;I)[Ljava/lang/String; @ 8
Event: 61694.973 Thread 0x000000005bdd3800 Uncommon trap: reason=unstable_if action=reinterpret pc=0x0000000003a51848 method=org.springframework.util.ConcurrentReferenceHashMap$Segment.restructureIfNecessary(Z)V @ 33
Event: 61703.199 Thread 0x0000000059ecb800 Uncommon trap: reason=class_check action=maybe_recompile pc=0x0000000003e4dbc4 method=java.util.concurrent.ThreadPoolExecutor.getTask()Ljava/lang/Runnable; @ 154
Event: 61703.359 Thread 0x0000000059ecd800 Uncommon trap: reason=class_check action=maybe_recompile pc=0x0000000003e4dbc4 method=java.util.concurrent.ThreadPoolExecutor.getTask()Ljava/lang/Runnable; @ 154
Event: 61703.472 Thread 0x0000000059ecd800 Uncommon trap: reason=unstable_if action=reinterpret pc=0x00000000040d7d5c method=org.springframework.transaction.support.TransactionSynchronizationManager.doGetResource(Ljava/lang/Object;)Ljava/lang/Object; @ 11
Event: 61703.480 Thread 0x0000000059ecd800 Uncommon trap: reason=unstable_if action=reinterpret pc=0x0000000003ddbbf8 method=org.springframework.transaction.support.TransactionSynchronizationManager.doGetResource(Ljava/lang/Object;)Ljava/lang/Object; @ 11
Event: 61731.663 Thread 0x000000005bde1800 Uncommon trap: reason=class_check action=maybe_recompile pc=0x0000000003e4dbc4 method=java.util.concurrent.ThreadPoolExecutor.getTask()Ljava/lang/Runnable; @ 154
Event: 61731.714 Thread 0x000000005e690800 Uncommon trap: reason=class_check action=maybe_recompile pc=0x0000000003e4dbc4 method=java.util.concurrent.ThreadPoolExecutor.getTask()Ljava/lang/Runnable; @ 154

Internal exceptions (10 events):
Event: 50741.546 Thread 0x0000000059ecd000 Exception <a 'java/lang/NoSuchMethodError': <clinit>> (0x00000000ecf55da0) thrown at [C:\re\workspace\8-2-build-windows-amd64-cygwin\jdk8u45\3627\hotspot\src\share\vm\prims\jni.cpp, line 1598]
Event: 50741.624 Thread 0x0000000059ecd000 Exception <a 'java/lang/NoSuchMethodError': <clinit>> (0x00000000ecf61f98) thrown at [C:\re\workspace\8-2-build-windows-amd64-cygwin\jdk8u45\3627\hotspot\src\share\vm\prims\jni.cpp, line 1598]
Event: 54341.552 Thread 0x0000000059ecd000 Exception <a 'java/lang/NoSuchMethodError': <clinit>> (0x00000000ecda8c28) thrown at [C:\re\workspace\8-2-build-windows-amd64-cygwin\jdk8u45\3627\hotspot\src\share\vm\prims\jni.cpp, line 1598]
Event: 54341.555 Thread 0x0000000059ecd000 Exception <a 'java/lang/NoSuchMethodError': <clinit>> (0x00000000ecdb4de8) thrown at [C:\re\workspace\8-2-build-windows-amd64-cygwin\jdk8u45\3627\hotspot\src\share\vm\prims\jni.cpp, line 1598]
Event: 55318.220 Thread 0x000000005bdd4800 Implicit null exception at 0x0000000004316d02 to 0x0000000004320bad
Event: 56618.182 Thread 0x000000005bdd4800 Implicit null exception at 0x000000000432f70c to 0x0000000004337925
Event: 57941.615 Thread 0x0000000059ecd000 Exception <a 'java/lang/NoSuchMethodError': <clinit>> (0x00000000ecc64680) thrown at [C:\re\workspace\8-2-build-windows-amd64-cygwin\jdk8u45\3627\hotspot\src\share\vm\prims\jni.cpp, line 1598]
Event: 57941.617 Thread 0x0000000059ecd000 Exception <a 'java/lang/NoSuchMethodError': <clinit>> (0x00000000ecc70868) thrown at [C:\re\workspace\8-2-build-windows-amd64-cygwin\jdk8u45\3627\hotspot\src\share\vm\prims\jni.cpp, line 1598]
Event: 61541.785 Thread 0x0000000059ecd000 Exception <a 'java/lang/NoSuchMethodError': <clinit>> (0x00000000ec95ada8) thrown at [C:\re\workspace\8-2-build-windows-amd64-cygwin\jdk8u45\3627\hotspot\src\share\vm\prims\jni.cpp, line 1598]
Event: 61541.877 Thread 0x0000000059ecd000 Exception <a 'java/lang/NoSuchMethodError': <clinit>> (0x00000000ec966fc8) thrown at [C:\re\workspace\8-2-build-windows-amd64-cygwin\jdk8u45\3627\hotspot\src\share\vm\prims\jni.cpp, line 1598]

Events (10 events):
Event: 61869.933 Thread 0x0000000054e72800 DEOPT PACKING pc=0x0000000003b97f8c sp=0x0000000055e5e200
Event: 61869.933 Thread 0x0000000054e72800 DEOPT UNPACKING pc=0x000000000295747f sp=0x0000000055e5def0 mode 1
Event: 61869.934 Thread 0x0000000054e72800 DEOPT PACKING pc=0x0000000003b97f8c sp=0x0000000055e5e200
Event: 61869.934 Thread 0x0000000054e72800 DEOPT UNPACKING pc=0x000000000295747f sp=0x0000000055e5def0 mode 1
Event: 61869.934 Thread 0x0000000054e72800 DEOPT PACKING pc=0x0000000003b97f8c sp=0x0000000055e5e200
Event: 61869.934 Thread 0x0000000054e72800 DEOPT UNPACKING pc=0x000000000295747f sp=0x0000000055e5def0 mode 1
Event: 61869.934 Thread 0x0000000054e72800 DEOPT PACKING pc=0x0000000003b97f8c sp=0x0000000055e5e200
Event: 61869.934 Thread 0x0000000054e72800 DEOPT UNPACKING pc=0x000000000295747f sp=0x0000000055e5def0 mode 1
Event: 61869.934 Executing VM operation: RedefineClasses
Event: 61873.114 Executing VM operation: RedefineClasses done


Dynamic libraries:
0x000000013f8d0000 - 0x000000013f907000 	D:\Java\jdk8\bin\java.exe
0x0000000077b50000 - 0x0000000077cf9000 	C:\windows\SYSTEM32\ntdll.dll
0x0000000077a30000 - 0x0000000077b50000 	C:\windows\system32\kernel32.dll
0x000007fefe210000 - 0x000007fefe27c000 	C:\windows\system32\KERNELBASE.dll
0x000007feffd10000 - 0x000007feffdeb000 	C:\windows\system32\ADVAPI32.dll
0x000007fefe980000 - 0x000007fefea1f000 	C:\windows\system32\msvcrt.dll
0x000007fefe8a0000 - 0x000007fefe8bf000 	C:\windows\SYSTEM32\sechost.dll
0x000007fefea20000 - 0x000007fefeb4d000 	C:\windows\system32\RPCRT4.dll
0x0000000077480000 - 0x000000007757a000 	C:\windows\system32\USER32.dll
0x000007feffdf0000 - 0x000007feffe57000 	C:\windows\system32\GDI32.dll
0x000007fefe890000 - 0x000007fefe89e000 	C:\windows\system32\LPK.dll
0x000007fefe490000 - 0x000007fefe559000 	C:\windows\system32\USP10.dll
0x000007fefc000000 - 0x000007fefc1f4000 	C:\windows\WinSxS\amd64_microsoft.windows.common-controls_6595b64144ccf1df_6.0.7601.17514_none_fa396087175ac9ac\COMCTL32.dll
0x000007feffc80000 - 0x000007feffcf1000 	C:\windows\system32\SHLWAPI.dll
0x000007fefe860000 - 0x000007fefe88e000 	C:\windows\system32\IMM32.DLL
0x000007fefe380000 - 0x000007fefe489000 	C:\windows\system32\MSCTF.dll
0x0000000070780000 - 0x0000000070852000 	D:\Java\jdk8\jre\bin\msvcr100.dll
0x00000000663b0000 - 0x0000000066c33000 	D:\Java\jdk8\jre\bin\server\jvm.dll
0x000007fefa560000 - 0x000007fefa569000 	C:\windows\system32\WSOCK32.dll
0x000007feffc30000 - 0x000007feffc7d000 	C:\windows\system32\WS2_32.dll
0x000007feffd00000 - 0x000007feffd08000 	C:\windows\system32\NSI.dll
0x000007fefbf10000 - 0x000007fefbf4b000 	C:\windows\system32\WINMM.dll
0x000007fefcf70000 - 0x000007fefcf7c000 	C:\windows\system32\VERSION.dll
0x0000000077d20000 - 0x0000000077d27000 	C:\windows\system32\PSAPI.DLL
0x0000000073960000 - 0x000000007396f000 	D:\Java\jdk8\jre\bin\verify.dll
0x0000000073840000 - 0x0000000073869000 	D:\Java\jdk8\jre\bin\java.dll
0x00000000732c0000 - 0x00000000732f5000 	D:\Java\jdk8\jre\bin\jdwp.dll
0x0000000073970000 - 0x0000000073978000 	D:\Java\jdk8\jre\bin\npt.dll
0x0000000070ed0000 - 0x0000000070ef3000 	D:\Java\jdk8\jre\bin\instrument.dll
0x0000000073880000 - 0x0000000073896000 	D:\Java\jdk8\jre\bin\zip.dll
0x000007fefee40000 - 0x000007feffbc9000 	C:\windows\system32\SHELL32.dll
0x000007fefec30000 - 0x000007fefee33000 	C:\windows\system32\ole32.dll
0x000007fefdfb0000 - 0x000007fefdfbf000 	C:\windows\system32\profapi.dll
0x0000000073950000 - 0x0000000073959000 	D:\Java\jdk8\jre\bin\dt_socket.dll
0x000007fefd7e0000 - 0x000007fefd835000 	C:\windows\system32\mswsock.dll
0x000007fefd1e0000 - 0x000007fefd1e7000 	C:\windows\System32\wshtcpip.dll
0x0000000073870000 - 0x000000007387d000 	D:\Java\jdk8\jre\bin\management.dll
0x0000000073810000 - 0x000000007382a000 	D:\Java\jdk8\jre\bin\net.dll
0x000007fefd7d0000 - 0x000007fefd7d7000 	C:\windows\System32\wship6.dll
0x000007fefcbc0000 - 0x000007fefcbd5000 	C:\windows\system32\NLAapi.dll
0x000007fef8ba0000 - 0x000007fef8bb5000 	C:\windows\system32\napinsp.dll
0x000007fef8b80000 - 0x000007fef8b99000 	C:\windows\system32\pnrpnsp.dll
0x000007fefd660000 - 0x000007fefd6bb000 	C:\windows\system32\DNSAPI.dll
0x000007fef8b70000 - 0x000007fef8b7b000 	C:\windows\System32\winrnr.dll
0x000007fefb2e0000 - 0x000007fefb307000 	C:\windows\system32\IPHLPAPI.DLL
0x000007fefb2d0000 - 0x000007fefb2db000 	C:\windows\system32\WINNSI.DLL
0x000007fef8bc0000 - 0x000007fef8bc8000 	C:\windows\system32\rasadhlp.dll
0x000007fefafe0000 - 0x000007fefb033000 	C:\windows\System32\fwpuclnt.dll
0x00000000732a0000 - 0x00000000732b1000 	D:\Java\jdk8\jre\bin\nio.dll
0x000007fefd840000 - 0x000007fefd857000 	C:\windows\system32\CRYPTSP.dll
0x000007fefd540000 - 0x000007fefd587000 	C:\windows\system32\rsaenh.dll
0x000007fefd300000 - 0x000007fefd31e000 	C:\windows\system32\USERENV.dll
0x000007fefdea0000 - 0x000007fefdeaf000 	C:\windows\system32\CRYPTBASE.dll
0x000007fefb0c0000 - 0x000007fefb0d1000 	C:\windows\system32\dhcpcsvc6.DLL
0x000007fefb0a0000 - 0x000007fefb0b8000 	C:\windows\system32\dhcpcsvc.DLL
0x00000000714d0000 - 0x00000000714f4000 	D:\Java\jdk8\jre\bin\sunec.dll
0x000007fefc920000 - 0x000007fefca45000 	C:\windows\system32\dbghelp.dll

VM Arguments:
jvm_args: -agentlib:jdwp=transport=dt_socket,address=127.0.0.1:20147,suspend=y,server=n -javaagent:C:\Users\Administrator\.IntelliJIdea15\system\groovyHotSwap\gragent.jar -Dfile.encoding=UTF-8 
java_command: io.isoft.Application --spring.output.ansi.enabled=always
java_class_path (initial): D:\Java\jdk8\jre\lib\charsets.jar;D:\Java\jdk8\jre\lib\deploy.jar;D:\Java\jdk8\jre\lib\javaws.jar;D:\Java\jdk8\jre\lib\jce.jar;D:\Java\jdk8\jre\lib\jfr.jar;D:\Java\jdk8\jre\lib\jfxswt.jar;D:\Java\jdk8\jre\lib\jsse.jar;D:\Java\jdk8\jre\lib\management-agent.jar;D:\Java\jdk8\jre\lib\plugin.jar;D:\Java\jdk8\jre\lib\resources.jar;D:\Java\jdk8\jre\lib\rt.jar;D:\Java\jdk8\jre\lib\ext\access-bridge-64.jar;D:\Java\jdk8\jre\lib\ext\cldrdata.jar;D:\Java\jdk8\jre\lib\ext\dnsns.jar;D:\Java\jdk8\jre\lib\ext\jaccess.jar;D:\Java\jdk8\jre\lib\ext\jfxrt.jar;D:\Java\jdk8\jre\lib\ext\localedata.jar;D:\Java\jdk8\jre\lib\ext\nashorn.jar;D:\Java\jdk8\jre\lib\ext\sunec.jar;D:\Java\jdk8\jre\lib\ext\sunjce_provider.jar;D:\Java\jdk8\jre\lib\ext\sunmscapi.jar;D:\Java\jdk8\jre\lib\ext\sunpkcs11.jar;D:\Java\jdk8\jre\lib\ext\zipfs.jar;E:\WORK_SPACE\IntelliJ\isoft\build\classes\main;E:\WORK_SPACE\IntelliJ\isoft\build\resources\main;C:\Users\Administrator\.gradle\caches\modules-2\files-2.1\org.springframework.boot\spring-boot-starter\1.3.0.RELEASE\44e2cf56424b1c0cdf101cbb2582d7ff77634967\spring-boot-starter-1.3.0.RELEASE.jar;C:\Users\Administrator\.gradle\caches\modules-2\files-2.1\org.springframework.boot\spring-boot-starter-web\1.3.0.RELEASE\ce3b560a6e9f3112ce3c5ccbc94a46a01574fad4\spring-boot-starter-web-1.3.0.RELEASE.jar;C:\Users\Administrator\.gradle\caches\modules-2\files-2.1\org.springframework.boot\spring-boot-starter-data-jpa\1.3.0.RELEASE\77ed2c58bb488b26a590db6563300d35d2a53567\spring-boot-starter-data-jpa-1.3.0.RELEASE.jar;C:\Users\Administrator\.gradle\caches\modules-2\files-2.1\org.springframework\spring-jms\4.2.3.RELEASE\6e65fdc4ba48949e6c2f8feb95c5b543d33fe737\spring-jms-4.2.3.RELEASE.jar;C:\Users\Administrator\.gradle\caches\modules-2\files-2.1\org.springframework.flex\spring-flex-core\1.6.0.RC1\cfccd330e58b1bc1c923edbc597e7836ce2a4353\spring-flex-core-1.6.0.RC1.jar;C:\Users\Administrator\.gradle\caches\modules-2\files-2.1\org.apache.geronimo.specs\gero
Launcher Type: SUN_STANDARD

Environment Variables:
JAVA_HOME=D:\Java\jdk1.7.0_05
CLASSPATH=.;D:\Java\jdk1.7.0_05\lib\dt.jar;D:\Java\jdk1.7.0_05\lib\tool.jar;D:\xampp\tomcat;\bin;D:\hsqldb-2.3.2\hsqldb\lib\hsqldb.jar;D:\Java\jdk1.7.0_05\bin;D:\Java\jdk8\bin;
PATH=C:\ProgramData\Oracle\Java\javapath;D:\Oracle10g\bin;C:\windows\system32;C:\windows;C:\windows\System32\Wbem;C:\windows\System32\WindowsPowerShell\v1.0\;C:\Program Files (x86)\Common Files\Thunder Network\KanKan\Codecs;C:\Program Files (x86)\Sybase\Shared\PowerBuilder\;D:\Sybase\SQL Anywhere 9\win32;D:\Sybase\Shared\win32;D:\Sybase\SQL Anywhere 9\drivers;D:\Sybase\Shared\Sybase Central 4.3\win32;D:\Sybase\Shared\PowerBuilder;D:\Sybase\Shared\Web Targets;D:\lygyy\01开发库\05.源码\01.源代码\01.医院信息平台;D:\suphisv3_z;y\01开发库\05.源码\01.源代码\01.医院信息平台\01.系统公用;F:\Gradle\gradle-2.4\bin;C:\Program Files (x86)\Lua\5.1;C:\Program Files (x86)\Lua\5.1\clibs;D:\gVimPortable_7.4\vim74;C:\Program Files (x86)\Microsoft SQL Server\100\Tools\Binn\;C:\Program Files\Microsoft SQL Server\100\Tools\Binn\;C:\Program Files\Microsoft SQL Server\100\DTS\Binn\;D:\CambridgeSoft\ChemOffice2012\ChemScript\Lib;D:\Git\bin;D:\Python\2.7.10;D:\PostgreSQL\9.4\bin;D:\nodejs\;D:\Python\2.7.10\Scripts;E:\Lessjs;C:\Users\Administrator\AppData\Roaming\npm;D:\wkhtmltopdf\bin;D:\Graphviz2.38\bin;C:\Users\Public\Documents\Embarcadero\Studio\16.0\Bpl;C:\Users\Public\Documents\RAD Studio\7.0\Bpl;D:\suphisv3_zyy\01开发库\05.源码\01.源代码\01.医院信息平台\01.系统公用;D:\Android\android-studio\plugins\gradle\bin;F:\Gradle\gradle-2.4\bin;D:\Android\AndroidStudio1.1\sdk;D:\hsqldb-2.3.2\hsqldb\lib\hsqldb.jar;D:\apache-maven-3.3.3\bin;D:\Java\jdk1.7.0_05\bin;D:\Android\sdk\platform-tools;D:\Python\2.7.10;D:\Graphviz2.38\bin;
USERNAME=Administrator
OS=Windows_NT
PROCESSOR_IDENTIFIER=Intel64 Family 6 Model 42 Stepping 7, GenuineIntel



---------------  S Y S T E M  ---------------

OS: Windows 7 , 64 bit Build 7601 (6.1.7601.19045)

CPU:total 2 (2 cores per cpu, 1 threads per core) family 6 model 42 stepping 7, cmov, cx8, fxsr, mmx, sse, sse2, sse3, ssse3, sse4.1, sse4.2, popcnt, clmul, tsc, tscinvbit

Memory: 4k page, physical 4039072k(321708k free), swap 13054036k(2493912k free)

vm_info: Java HotSpot(TM) 64-Bit Server VM (25.45-b02) for windows-amd64 JRE (1.8.0_45-b15), built on Apr 30 2015 12:40:44 by "java_re" with MS VC++ 10.0 (VS2010)

time: Mon Dec 07 15:19:55 2015
elapsed time: 61873 seconds (0d 17h 11m 13s)

